=== ARM 1: ref_v22 (0.22.0, decode+ppl) 2026-06-17T18:12:34Z ===
ARM1 rc=0  2026-06-17T18:23:26Z
=== ARM 2: ref2_v22 (0.22.0, decode) 2026-06-17T18:23:26Z ===
ARM2 rc=0  2026-06-17T18:33:46Z
=== ARM 3: dev307_ppl (dev307, decode+ppl) 2026-06-17T18:33:46Z ===
ARM3 rc=0  2026-06-17T18:44:42Z
=== D1 COMPARE: ref_v22 vs ref2_v22 (official byte-exact, target GREEDY_IDENTICAL 0/128) 2026-06-17T18:44:42Z ===
D1 compare rc=0  2026-06-17T18:44:42Z
{
  "verdict": "GREEDY_IDENTICAL",
  "num_prompts_compared": 128,
  "num_identical": 128,
  "num_divergent": 0,
  "total_tokens_compared": 65536,
  "total_divergent_tokens": 0,
  "missing_in_candidate": [],
  "missing_in_reference": [],
  "first_divergence": null
}
VERDICT: GREEDY_IDENTICAL (valid) [128/128 prompts, 65536/65536 tokens identical]
=== ALL ARMS DONE 2026-06-17T18:44:42Z ===
